app/build/outputs/logs/manifest-merger-debug-report.txt
-- Merging decision tree log ---
manifest
ADDED from src\main\AndroidManifest.xml:2:1-35:12
	package
		ADDED from src\main\AndroidManifest.xml:3:7-32
		INJECTED from src\main\AndroidManifest.xml
		INJECTED from src\main\AndroidManifest.xml
	android:versionName
		ADDED from src\main\AndroidManifest.xml:5:7-32
		INJECTED from src\main\AndroidManifest.xml
		INJECTED from src\main\AndroidManifest.xml
	android:versionCode
		ADDED from src\main\AndroidManifest.xml:4:7-30
		INJECTED from src\main\AndroidManifest.xml
		INJECTED from src\main\AndroidManifest.xml
	xmlns:android
		ADDED from src\main\AndroidManifest.xml:2:11-69
uses-sdk
ADDED from src\main\AndroidManifest.xml:6:5-44
MERGED from [com.android.support:appcompat-v7:26.0.0-alpha1] AndroidManifest.xml:21:5-23:78
MERGED from [com.android.support:support-v4:26.0.0-alpha1] AndroidManifest.xml:21:5-23:54
MERGED from [com.android.support:support-media-compat:26.0.0-alpha1] AndroidManifest.xml:21:5-23:63
MERGED from [com.android.support:support-fragment:26.0.0-alpha1] AndroidManifest.xml:21:5-23:60
MERGED from [com.android.support:support-core-ui:26.0.0-alpha1] AndroidManifest.xml:21:5-23:58
MERGED from [com.android.support:support-core-utils:26.0.0-alpha1] AndroidManifest.xml:21:5-23:61
MERGED from [com.android.support:animated-vector-drawable:26.0.0-alpha1] AndroidManifest.xml:20:5-44
MERGED from [com.android.support:support-vector-drawable:26.0.0-alpha1] AndroidManifest.xml:20:5-44
MERGED from [com.android.support:support-compat:26.0.0-alpha1] AndroidManifest.xml:21:5-23:58
MERGED from [com.android.support.constraint:constraint-layout:1.0.2] AndroidManifest.xml:5:5-7:41
MERGED from [com.microsoft.azure:azure-mobile-android:3.2.0] AndroidManifest.xml:7:5-9:41
	tools:overrideLibrary
		ADDED from [com.android.support:appcompat-v7:26.0.0-alpha1] AndroidManifest.xml:23:9-75
	android:targetSdkVersion
		INJECTED from src\main\AndroidManifest.xml
		INJECTED from src\main\AndroidManifest.xml
	android:minSdkVersion
		ADDED from src\main\AndroidManifest.xml:6:15-41
		INJECTED from src\main\AndroidManifest.xml
		INJECTED from src\main\AndroidManifest.xml
uses-permission#android.permission.ACCESS_COARSE_LOCATION
ADDED from src\main\AndroidManifest.xml:7:5-80
	android:name
		ADDED from src\main\AndroidManifest.xml:7:22-78
uses-permission#android.permission.INTERNET
ADDED from src\main\AndroidManifest.xml:8:5-67
	android:name
		ADDED from src\main\AndroidManifest.xml:8:22-64
application
ADDED from src\main\AndroidManifest.xml:9:5-34:19
MERGED from [com.android.support:appcompat-v7:26.0.0-alpha1] AndroidManifest.xml:29:5-20
MERGED from [com.android.support:support-v4:26.0.0-alpha1] AndroidManifest.xml:29:5-20
MERGED from [com.android.support:support-media-compat:26.0.0-alpha1] AndroidManifest.xml:29:5-20
MERGED from [com.android.support:support-fragment:26.0.0-alpha1] AndroidManifest.xml:29:5-20
MERGED from [com.android.support:support-core-ui:26.0.0-alpha1] AndroidManifest.xml:29:5-20
MERGED from [com.android.support:support-core-utils:26.0.0-alpha1] AndroidManifest.xml:29:5-20
MERGED from [com.android.support:animated-vector-drawable:26.0.0-alpha1] AndroidManifest.xml:26:5-20
MERGED from [com.android.support:support-vector-drawable:26.0.0-alpha1] AndroidManifest.xml:26:5-20
MERGED from [com.android.support:support-compat:26.0.0-alpha1] AndroidManifest.xml:29:5-20
MERGED from [com.android.support.constraint:constraint-layout:1.0.2] AndroidManifest.xml:9:5-20
MERGED from [com.microsoft.azure:azure-mobile-android:3.2.0] AndroidManifest.xml:11:5-31:19
	android:label
		ADDED from src\main\AndroidManifest.xml:9:48-80
	android:icon
		ADDED from src\main\AndroidManifest.xml:9:18-47
	android:allowBackup
		ADDED from [com.microsoft.azure:azure-mobile-android:3.2.0] AndroidManifest.xml:11:18-44
activity#com.df.dianping.SplashActivity
ADDED from src\main\AndroidManifest.xml:11:9-20:20
	android:label
		ADDED from src\main\AndroidManifest.xml:12:19-51
	android:configChanges
		ADDED from src\main\AndroidManifest.xml:13:19-54
	android:theme
		ADDED from src\main\AndroidManifest.xml:14:19-82
	android:name
		ADDED from src\main\AndroidManifest.xml:11:19-49
intent-filter#android.intent.action.MAIN+android.intent.category.LAUNCHER
ADDED from src\main\AndroidManifest.xml:16:13-19:29
action#android.intent.action.MAIN
ADDED from src\main\AndroidManifest.xml:17:17-69
	android:name
		ADDED from src\main\AndroidManifest.xml:17:25-66
category#android.intent.category.LAUNCHER
ADDED from src\main\AndroidManifest.xml:18:17-77
	android:name
		ADDED from src\main\AndroidManifest.xml:18:27-74
activity#com.df.dianping.DetailActivity
ADDED from src\main\AndroidManifest.xml:22:9-26:20
	android:configChanges
		ADDED from src\main\AndroidManifest.xml:24:10-45
	android:name
		ADDED from src\main\AndroidManifest.xml:23:10-40
activity#com.df.dianping.MainActivity
ADDED from src\main\AndroidManifest.xml:28:9-32:14
	android:configChanges
		ADDED from src\main\AndroidManifest.xml:30:4-39
	android:name
		ADDED from src\main\AndroidManifest.xml:29:4-32
activity#com.df.dianping.CommentActivity
ADDED from src\main\AndroidManifest.xml:33:9-53
	android:name
		ADDED from src\main\AndroidManifest.xml:33:20-50
meta-data#android.support.VERSION
ADDED from [com.android.support:appcompat-v7:26.0.0-alpha1] AndroidManifest.xml:25:5-27:41
MERGED from [com.android.support:support-v4:26.0.0-alpha1] AndroidManifest.xml:25:5-27:41
MERGED from [com.android.support:support-media-compat:26.0.0-alpha1] AndroidManifest.xml:25:5-27:41
MERGED from [com.android.support:support-fragment:26.0.0-alpha1] AndroidManifest.xml:25:5-27:41
MERGED from [com.android.support:support-core-ui:26.0.0-alpha1] AndroidManifest.xml:25:5-27:41
MERGED from [com.android.support:support-core-utils:26.0.0-alpha1] AndroidManifest.xml:25:5-27:41
MERGED from [com.android.support:animated-vector-drawable:26.0.0-alpha1] AndroidManifest.xml:22:5-24:41
MERGED from [com.android.support:support-vector-drawable:26.0.0-alpha1] AndroidManifest.xml:22:5-24:41
MERGED from [com.android.support:support-compat:26.0.0-alpha1] AndroidManifest.xml:25:5-27:41
	android:value
		ADDED from [com.android.support:appcompat-v7:26.0.0-alpha1] AndroidManifest.xml:27:9-38
	android:name
		ADDED from [com.android.support:appcompat-v7:26.0.0-alpha1] AndroidManifest.xml:26:9-47
activity#com.microsoft.windowsazure.mobileservices.authentication.RedirectUrlActivity
ADDED from [com.microsoft.azure:azure-mobile-android:3.2.0] AndroidManifest.xml:12:9-23:20
	android:exported
		ADDED from [com.microsoft.azure:azure-mobile-android:3.2.0] AndroidManifest.xml:14:13-36
	android:name
		ADDED from [com.microsoft.azure:azure-mobile-android:3.2.0] AndroidManifest.xml:13:13-104
intent-filter#android.intent.action.VIEW+android.intent.category.BROWSABLE+android.intent.category.DEFAULT
ADDED from [com.microsoft.azure:azure-mobile-android:3.2.0] AndroidManifest.xml:15:13-22:29
action#android.intent.action.VIEW
ADDED from [com.microsoft.azure:azure-mobile-android:3.2.0] AndroidManifest.xml:16:17-69
	android:name
		ADDED from [com.microsoft.azure:azure-mobile-android:3.2.0] AndroidManifest.xml:16:25-66
category#android.intent.category.DEFAULT
ADDED from [com.microsoft.azure:azure-mobile-android:3.2.0] AndroidManifest.xml:18:17-76
	android:name
		ADDED from [com.microsoft.azure:azure-mobile-android:3.2.0] AndroidManifest.xml:18:27-73
category#android.intent.category.BROWSABLE
ADDED from [com.microsoft.azure:azure-mobile-android:3.2.0] AndroidManifest.xml:19:17-78
	android:name
		ADDED from [com.microsoft.azure:azure-mobile-android:3.2.0] AndroidManifest.xml:19:27-75
data
ADDED from [com.microsoft.azure:azure-mobile-android:3.2.0] AndroidManifest.xml:21:17-43
	android:scheme
		ADDED from [com.microsoft.azure:azure-mobile-android:3.2.0] AndroidManifest.xml:21:23-40
activity#com.microsoft.windowsazure.mobileservices.authentication.CustomTabsIntermediateActivity
ADDED from [com.microsoft.azure:azure-mobile-android:3.2.0] AndroidManifest.xml:24:9-26:40
	android:exported
		ADDED from [com.microsoft.azure:azure-mobile-android:3.2.0] AndroidManifest.xml:26:13-37
	android:name
		ADDED from [com.microsoft.azure:azure-mobile-android:3.2.0] AndroidManifest.xml:25:13-115
activity#com.microsoft.windowsazure.mobileservices.authentication.CustomTabsLoginActivity
ADDED from [com.microsoft.azure:azure-mobile-android:3.2.0] AndroidManifest.xml:27:9-30:47
	android:launchMode
		ADDED from [com.microsoft.azure:azure-mobile-android:3.2.0] AndroidManifest.xml:30:13-44
	android:exported
		ADDED from [com.microsoft.azure:azure-mobile-android:3.2.0] AndroidManifest.xml:29:13-37
	android:name
		ADDED from [com.microsoft.azure:azure-mobile-android:3.2.0] AndroidManifest.xml:28:13-108